13:21:03 **** Rebuild of configuration Debug for project Library ****
Info: Internal Builder is used for build
g++ -O0 -g3 -Wall -c -fmessage-length=0 -o "src\\Library.o" "..\\src\\Library.cpp" 
g++ -o Library.exe "src\\Library.o" 
Info: Nothing to build for Library
13:46:35 **** Incremental Build of configuration Debug for project Library ****
Info: Internal Builder is used for build
g++ -O0 -g3 -Wall -c -fmessage-length=0 -o "src\\Library.o" "..\\src\\Library.cpp" 
g++ -o Library.exe "src\\Library.o" 
c:/mingw/bin/../lib/gcc/mingw32/6.3.0/../../../../mingw32/bin/ld.exe: cannot open output file Library.exe: Permission denied
collect2.exe: error: ld returned 1 exit status
13:47:57 **** Incremental Build of configuration Debug for project Library ****
Info: Internal Builder is used for build
g++ -o Library.exe "src\\Library.o" 
14:15:05 **** Incremental Build of configuration Debug for project Library ****
Info: Internal Builder is used for build
g++ -O0 -g3 -Wall -c -fmessage-length=0 -o "src\\Library.o" "..\\src\\Library.cpp" 
g++ -o Library.exe "src\\Library.o" 
c:/mingw/bin/../lib/gcc/mingw32/6.3.0/../../../../mingw32/bin/ld.exe: cannot open output file Library.exe: Permission denied
collect2.exe: error: ld returned 1 exit status
14:15:25 **** Incremental Build of configuration Debug for project Library ****
Info: Internal Builder is used for build
g++ -o Library.exe "src\\Library.o" 
Info: Nothing to build for Library
14:29:12 **** Incremental Build of configuration Debug for project Library ****
Info: Internal Builder is used for build
g++ -O0 -g3 -Wall -c -fmessage-length=0 -o "src\\Library.o" "..\\src\\Library.cpp" 
g++ -o Library.exe "src\\Library.o" 
14:46:19 **** Incremental Build of configuration Debug for project Library ****
Info: Internal Builder is used for build
g++ -O0 -g3 -Wall -c -fmessage-length=0 -o "src\\Library.o" "..\\src\\Library.cpp" 
g++ -o Library.exe "src\\Library.o" 
c:/mingw/bin/../lib/gcc/mingw32/6.3.0/../../../../mingw32/bin/ld.exe: cannot open output file Library.exe: Permission denied
collect2.exe: error: ld returned 1 exit status
14:46:46 **** Incremental Build of configuration Debug for project Library ****
Info: Internal Builder is used for build
g++ -o Library.exe "src\\Library.o" 
16:45:22 **** Incremental Build of configuration Debug for project Library ****
Info: Internal Builder is used for build
g++ -O0 -g3 -Wall -c -fmessage-length=0 -o "src\\Library.o" "..\\src\\Library.cpp" 
g++ -o Library.exe "src\\Library.o" 
17:07:51 **** Incremental Build of configuration Debug for project Library ****
Info: Internal Builder is used for build
g++ -O0 -g3 -Wall -c -fmessage-length=0 -o "src\\Library.o" "..\\src\\Library.cpp" 
g++ -o Library.exe "src\\Library.o" 
c:/mingw/bin/../lib/gcc/mingw32/6.3.0/../../../../mingw32/bin/ld.exe: cannot open output file Library.exe: Permission denied
collect2.exe: error: ld returned 1 exit status
17:08:15 **** Incremental Build of configuration Debug for project Library ****
Info: Internal Builder is used for build
g++ -o Library.exe "src\\Library.o" 
